\BOOKMARK [1][-]{section.1}{Intro}{}% 1
\BOOKMARK [2][-]{subsection.1.1}{Course description from the syllabus}{section.1}% 2
\BOOKMARK [1][-]{section.2}{How to use points to generate object}{}% 3
\BOOKMARK [1][-]{section.3}{Primitives}{}% 4
\BOOKMARK [1][-]{section.4}{Problems}{}% 5
\BOOKMARK [2][-]{subsection.4.1}{Line Segment Intersection Problem}{section.4}% 6
\BOOKMARK [3][-]{subsubsection.4.1.1}{Sweep Line Algorithm}{subsection.4.1}% 7
\BOOKMARK [3][-]{subsubsection.4.1.2}{Map Overlay Problem}{subsection.4.1}% 8
\BOOKMARK [1][-]{section.1}{Definitions}{}% 9
\BOOKMARK [1][-]{section.2}{Lower Bound}{}% 10
\BOOKMARK [1][-]{section.3}{An important use of CH in triangulation}{}% 11
\BOOKMARK [1][-]{section.4}{Quick Sort and Backward Analysis}{}% 12
\BOOKMARK [1][-]{section.5}{Algorithms for CH}{}% 13
\BOOKMARK [2][-]{subsection.5.1}{2D CH with Divide and Conquer}{section.5}% 14
\BOOKMARK [3][-]{subsubsection.5.1.1}{Procedure}{subsection.5.1}% 15
\BOOKMARK [3][-]{subsubsection.5.1.2}{Correctness \(Termination\)}{subsection.5.1}% 16
\BOOKMARK [3][-]{subsubsection.5.1.3}{Cost}{subsection.5.1}% 17
\BOOKMARK [3][-]{subsubsection.5.1.4}{Random Incremental CH}{subsection.5.1}% 18
\BOOKMARK [1][-]{section.6}{Introduction}{}% 19
\BOOKMARK [1][-]{section.7}{1D LP}{}% 20
\BOOKMARK [1][-]{section.8}{2D LP}{}% 21
\BOOKMARK [2][-]{subsection.8.1}{Procedure}{section.8}% 22
\BOOKMARK [2][-]{subsection.8.2}{Correctness}{section.8}% 23
\BOOKMARK [2][-]{subsection.8.3}{Timing}{section.8}% 24
\BOOKMARK [1][-]{section.9}{Finding the Bounding Box}{}% 25
\BOOKMARK [2][-]{subsection.9.1}{Definitions and theorems}{section.9}% 26
\BOOKMARK [2][-]{subsection.9.2}{Procedure to find d}{section.9}% 27
\BOOKMARK [1][-]{section.10}{General Intro}{}% 28
\BOOKMARK [1][-]{section.11}{Definitions}{}% 29
\BOOKMARK [1][-]{section.12}{Guarding a Polygon}{}% 30
