This is pdfTeX, Version 3.1415926-2.5-1.40.14 (TeX Live 2013/Debian) (format=pdflatex 2014.9.7)  14 OCT 2015 22:11
entering extended mode
 restricted \write18 enabled.
 file:line:error style messages enabled.
 %&-line parsing enabled.
**\input computationalGeometry.tex
(./computationalGeometry.tex
(/usr/share/texlive/texmf-dist/tex/latex/base/article.cls
Document Class: article 2007/10/19 v1.4h Standard LaTeX document class
(/usr/share/texlive/texmf-dist/tex/latex/base/size12.clo
File: size12.clo 2007/10/19 v1.4h Standard LaTeX file (size option)
)
\c@part=\count79
\c@section=\count80
\c@subsection=\count81
\c@subsubsection=\count82
\c@paragraph=\count83
\c@subparagraph=\count84
\c@figure=\count85
\c@table=\count86
\abovecaptionskip=\skip41
\belowcaptionskip=\skip42
\bibindent=\dimen102
)
(/usr/share/texlive/texmf-dist/tex/latex/fancyhdr/fancyhdr.sty
\fancy@headwidth=\skip43
\f@ncyO@elh=\skip44
\f@ncyO@erh=\skip45
\f@ncyO@olh=\skip46
\f@ncyO@orh=\skip47
\f@ncyO@elf=\skip48
\f@ncyO@erf=\skip49
\f@ncyO@olf=\skip50
\f@ncyO@orf=\skip51
)
(/usr/share/texlive/texmf-dist/tex/latex/amsmath/amsmath.sty
Package: amsmath 2013/01/14 v2.14 AMS math features
\@mathmargin=\skip52

For additional information on amsmath, use the `?' option.
(/usr/share/texlive/texmf-dist/tex/latex/amsmath/amstext.sty
Package: amstext 2000/06/29 v2.01

(/usr/share/texlive/texmf-dist/tex/latex/amsmath/amsgen.sty
File: amsgen.sty 1999/11/30 v2.0
\@emptytoks=\toks14
\ex@=\dimen103
))
(/usr/share/texlive/texmf-dist/tex/latex/amsmath/amsbsy.sty
Package: amsbsy 1999/11/29 v1.2d
\pmbraise@=\dimen104
)
(/usr/share/texlive/texmf-dist/tex/latex/amsmath/amsopn.sty
Package: amsopn 1999/12/14 v2.01 operator names
)
\inf@bad=\count87
LaTeX Info: Redefining \frac on input line 210.
\uproot@=\count88
\leftroot@=\count89
LaTeX Info: Redefining \overline on input line 306.
\classnum@=\count90
\DOTSCASE@=\count91
LaTeX Info: Redefining \ldots on input line 378.
LaTeX Info: Redefining \dots on input line 381.
LaTeX Info: Redefining \cdots on input line 466.
\Mathstrutbox@=\box26
\strutbox@=\box27
\big@size=\dimen105
LaTeX Font Info:    Redeclaring font encoding OML on input line 566.
LaTeX Font Info:    Redeclaring font encoding OMS on input line 567.
\macc@depth=\count92
\c@MaxMatrixCols=\count93
\dotsspace@=\muskip10
\c@parentequation=\count94
\dspbrk@lvl=\count95
\tag@help=\toks15
\row@=\count96
\column@=\count97
\maxfields@=\count98
\andhelp@=\toks16
\eqnshift@=\dimen106
\alignsep@=\dimen107
\tagshift@=\dimen108
\tagwidth@=\dimen109
\totwidth@=\dimen110
\lineht@=\dimen111
\@envbody=\toks17
\multlinegap=\skip53
\multlinetaggap=\skip54
\mathdisplay@stack=\toks18
LaTeX Info: Redefining \[ on input line 2665.
LaTeX Info: Redefining \] on input line 2666.
)
(/usr/share/texlive/texmf-dist/tex/latex/tools/enumerate.sty
Package: enumerate 1999/03/05 v3.00 enumerate extensions (DPC)
\@enLab=\toks19
)
(/usr/share/texlive/texmf-dist/tex/latex/url/url.sty
\Urlmuskip=\muskip11
Package: url 2013/09/16  ver 3.4  Verb mode for urls, etc.
)
(/usr/share/texlive/texmf-dist/tex/generic/ulem/ulem.sty
\UL@box=\box28
\UL@hyphenbox=\box29
\UL@skip=\skip55
\UL@hook=\toks20
\UL@height=\dimen112
\UL@pe=\count99
\UL@pixel=\dimen113
\ULC@box=\box30
Package: ulem 2012/05/18
\ULdepth=\dimen114
)
(/usr/share/texlive/texmf-dist/tex/latex/polynom/polynom.sty
Package: polynom 2006/04/20 0.17 (CH,HA)

(/usr/share/texlive/texmf-dist/tex/latex/graphics/keyval.sty
Package: keyval 1999/03/16 v1.13 key=value parser (DPC)
\KV@toks@=\toks21
)
\pld@currstage=\count100
)
(/usr/share/texlive/texmf-dist/tex/latex/subfig/subfig.sty
Package: subfig 2005/06/28 ver: 1.3 subfig package

(/usr/share/texlive/texmf-dist/tex/latex/caption/caption.sty
Package: caption 2013/05/02 v3.3-89 Customizing captions (AR)

(/usr/share/texlive/texmf-dist/tex/latex/caption/caption3.sty
Package: caption3 2013/05/02 v1.6-88 caption3 kernel (AR)
Package caption3 Info: TeX engine: e-TeX on input line 57.
\captionmargin=\dimen115
\captionmargin@=\dimen116
\captionwidth=\dimen117
\caption@tempdima=\dimen118
\caption@indent=\dimen119
\caption@parindent=\dimen120
\caption@hangindent=\dimen121
)
\c@ContinuedFloat=\count101
)
\c@KVtest=\count102
\sf@farskip=\skip56
\sf@captopadj=\dimen122
\sf@capskip=\skip57
\sf@nearskip=\skip58
\c@subfigure=\count103
\c@subfigure@save=\count104
\c@lofdepth=\count105
\c@subtable=\count106
\c@subtable@save=\count107
\c@lotdepth=\count108
\sf@top=\skip59
\sf@bottom=\skip60
)
(/usr/share/texlive/texmf-dist/tex/latex/amsfonts/amssymb.sty
Package: amssymb 2013/01/14 v3.01 AMS font symbols

(/usr/share/texlive/texmf-dist/tex/latex/amsfonts/amsfonts.sty
Package: amsfonts 2013/01/14 v3.01 Basic AMSFonts support
\symAMSa=\mathgroup4
\symAMSb=\mathgroup5
LaTeX Font Info:    Overwriting math alphabet `\mathfrak' in version `bold'
(Font)                  U/euf/m/n --> U/euf/b/n on input line 106.
))
(/usr/share/texlive/texmf-dist/tex/latex/amscls/amsthm.sty
Package: amsthm 2004/08/06 v2.20
\thm@style=\toks22
\thm@bodyfont=\toks23
\thm@headfont=\toks24
\thm@notefont=\toks25
\thm@headpunct=\toks26
\thm@preskip=\skip61
\thm@postskip=\skip62
\thm@headsep=\skip63
\dth@everypar=\toks27
)
(/usr/share/texlive/texmf-dist/tex/latex/tools/verbatim.sty
Package: verbatim 2003/08/22 v1.5q LaTeX2e package for verbatim enhancements
\every@verbatim=\toks28
\verbatim@line=\toks29
\verbatim@in@stream=\read1
)
(/usr/share/texlive/texmf-dist/tex/latex/graphics/graphicx.sty
Package: graphicx 1999/02/16 v1.0f Enhanced LaTeX Graphics (DPC,SPQR)

(/usr/share/texlive/texmf-dist/tex/latex/graphics/graphics.sty
Package: graphics 2009/02/05 v1.0o Standard LaTeX Graphics (DPC,SPQR)

(/usr/share/texlive/texmf-dist/tex/latex/graphics/trig.sty
Package: trig 1999/03/16 v1.09 sin cos tan (DPC)
)
(/usr/share/texlive/texmf-dist/tex/latex/latexconfig/graphics.cfg
File: graphics.cfg 2010/04/23 v1.9 graphics configuration of TeX Live
)
Package graphics Info: Driver file: pdftex.def on input line 91.

(/usr/share/texlive/texmf-dist/tex/latex/pdftex-def/pdftex.def
File: pdftex.def 2011/05/27 v0.06d Graphics/color for pdfTeX

(/usr/share/texlive/texmf-dist/tex/generic/oberdiek/infwarerr.sty
Package: infwarerr 2010/04/08 v1.3 Providing info/warning/error messages (HO)
)
(/usr/share/texlive/texmf-dist/tex/generic/oberdiek/ltxcmds.sty
Package: ltxcmds 2011/11/09 v1.22 LaTeX kernel commands for general use (HO)
)
\Gread@gobject=\count109
))
\Gin@req@height=\dimen123
\Gin@req@width=\dimen124
)
(/usr/share/texlive/texmf-dist/tex/latex/hyperref/hyperref.sty
Package: hyperref 2012/11/06 v6.83m Hypertext links for LaTeX

(/usr/share/texlive/texmf-dist/tex/generic/oberdiek/hobsub-hyperref.sty
Package: hobsub-hyperref 2012/05/28 v1.13 Bundle oberdiek, subset hyperref (HO)


(/usr/share/texlive/texmf-dist/tex/generic/oberdiek/hobsub-generic.sty
Package: hobsub-generic 2012/05/28 v1.13 Bundle oberdiek, subset generic (HO)
Package: hobsub 2012/05/28 v1.13 Construct package bundles (HO)
Package hobsub Info: Skipping package `infwarerr' (already loaded).
Package hobsub Info: Skipping package `ltxcmds' (already loaded).
Package: ifluatex 2010/03/01 v1.3 Provides the ifluatex switch (HO)
Package ifluatex Info: LuaTeX not detected.
Package: ifvtex 2010/03/01 v1.5 Detect VTeX and its facilities (HO)
Package ifvtex Info: VTeX not detected.
Package: intcalc 2007/09/27 v1.1 Expandable calculations with integers (HO)
Package: ifpdf 2011/01/30 v2.3 Provides the ifpdf switch (HO)
Package ifpdf Info: pdfTeX in PDF mode is detected.
Package: etexcmds 2011/02/16 v1.5 Avoid name clashes with e-TeX commands (HO)
Package etexcmds Info: Could not find \expanded.
(etexcmds)             That can mean that you are not using pdfTeX 1.50 or
(etexcmds)             that some package has redefined \expanded.
(etexcmds)             In the latter case, load this package earlier.
Package: kvsetkeys 2012/04/25 v1.16 Key value parser (HO)
Package: kvdefinekeys 2011/04/07 v1.3 Define keys (HO)
Package: pdftexcmds 2011/11/29 v0.20 Utility functions of pdfTeX for LuaTeX (HO
)
Package pdftexcmds Info: LuaTeX not detected.
Package pdftexcmds Info: \pdf@primitive is available.
Package pdftexcmds Info: \pdf@ifprimitive is available.
Package pdftexcmds Info: \pdfdraftmode found.
Package: pdfescape 2011/11/25 v1.13 Implements pdfTeX's escape features (HO)
Package: bigintcalc 2012/04/08 v1.3 Expandable calculations on big integers (HO
)
Package: bitset 2011/01/30 v1.1 Handle bit-vector datatype (HO)
Package: uniquecounter 2011/01/30 v1.2 Provide unlimited unique counter (HO)
)
Package hobsub Info: Skipping package `hobsub' (already loaded).
Package: letltxmacro 2010/09/02 v1.4 Let assignment for LaTeX macros (HO)
Package: hopatch 2012/05/28 v1.2 Wrapper for package hooks (HO)
Package: xcolor-patch 2011/01/30 xcolor patch
Package: atveryend 2011/06/30 v1.8 Hooks at the very end of document (HO)
Package atveryend Info: \enddocument detected (standard20110627).
Package: atbegshi 2011/10/05 v1.16 At begin shipout hook (HO)
Package: refcount 2011/10/16 v3.4 Data extraction from label references (HO)
Package: hycolor 2011/01/30 v1.7 Color options for hyperref/bookmark (HO)
)
(/usr/share/texlive/texmf-dist/tex/generic/ifxetex/ifxetex.sty
Package: ifxetex 2010/09/12 v0.6 Provides ifxetex conditional
)
(/usr/share/texlive/texmf-dist/tex/latex/oberdiek/auxhook.sty
Package: auxhook 2011/03/04 v1.3 Hooks for auxiliary files (HO)
)
(/usr/share/texlive/texmf-dist/tex/latex/oberdiek/kvoptions.sty
Package: kvoptions 2011/06/30 v3.11 Key value format for package options (HO)
)
\@linkdim=\dimen125
\Hy@linkcounter=\count110
\Hy@pagecounter=\count111

(/usr/share/texlive/texmf-dist/tex/latex/hyperref/pd1enc.def
File: pd1enc.def 2012/11/06 v6.83m Hyperref: PDFDocEncoding definition (HO)
)
\Hy@SavedSpaceFactor=\count112

(/usr/share/texlive/texmf-dist/tex/latex/latexconfig/hyperref.cfg
File: hyperref.cfg 2002/06/06 v1.2 hyperref configuration of TeXLive
)
Package hyperref Info: Hyper figures OFF on input line 4443.
Package hyperref Info: Link nesting OFF on input line 4448.
Package hyperref Info: Hyper index ON on input line 4451.
Package hyperref Info: Plain pages OFF on input line 4458.
Package hyperref Info: Backreferencing OFF on input line 4463.
Package hyperref Info: Implicit mode ON; LaTeX internals redefined.
Package hyperref Info: Bookmarks ON on input line 4688.
\c@Hy@tempcnt=\count113
LaTeX Info: Redefining \url on input line 5041.
\XeTeXLinkMargin=\dimen126
\Fld@menulength=\count114
\Field@Width=\dimen127
\Fld@charsize=\dimen128
Package hyperref Info: Hyper figures OFF on input line 6295.
Package hyperref Info: Link nesting OFF on input line 6300.
Package hyperref Info: Hyper index ON on input line 6303.
Package hyperref Info: backreferencing OFF on input line 6310.
Package hyperref Info: Link coloring OFF on input line 6315.
Package hyperref Info: Link coloring with OCG OFF on input line 6320.
Package hyperref Info: PDF/A mode OFF on input line 6325.
LaTeX Info: Redefining \ref on input line 6365.
LaTeX Info: Redefining \pageref on input line 6369.
\Hy@abspage=\count115
\c@Item=\count116
\c@Hfootnote=\count117
)

Package hyperref Message: Driver (autodetected): hpdftex.

(/usr/share/texlive/texmf-dist/tex/latex/hyperref/hpdftex.def
File: hpdftex.def 2012/11/06 v6.83m Hyperref driver for pdfTeX
\Fld@listcount=\count118
\c@bookmark@seq@number=\count119

(/usr/share/texlive/texmf-dist/tex/latex/oberdiek/rerunfilecheck.sty
Package: rerunfilecheck 2011/04/15 v1.7 Rerun checks for auxiliary files (HO)
Package uniquecounter Info: New unique counter `rerunfilecheck' on input line 2
82.
)
\Hy@SectionHShift=\skip64
)
(/usr/share/texlive/texmf-dist/tex/latex/booktabs/booktabs.sty
Package: booktabs 2005/04/14 v1.61803 publication quality tables
\heavyrulewidth=\dimen129
\lightrulewidth=\dimen130
\cmidrulewidth=\dimen131
\belowrulesep=\dimen132
\belowbottomsep=\dimen133
\aboverulesep=\dimen134
\abovetopsep=\dimen135
\cmidrulesep=\dimen136
\cmidrulekern=\dimen137
\defaultaddspace=\dimen138
\@cmidla=\count120
\@cmidlb=\count121
\@aboverulesep=\dimen139
\@belowrulesep=\dimen140
\@thisruleclass=\count122
\@lastruleclass=\count123
\@thisrulewidth=\dimen141
)
(/usr/share/texlive/texmf-dist/tex/latex/comment/comment.sty
\CommentStream=\write3

Excluding comment 'comment')
(/usr/share/texlive/texmf-dist/tex/latex/listing/listing.sty
Package: listing 1999/05/25

Package `listing', V1.2, <1999/05/25>
\c@listing=\count124
) (/usr/share/texlive/texmf-dist/tex/latex/lkproof/proof.sty
\inferLineSkip=\dimen142
\inferLabelSkip=\dimen143
\@LeftOffset=\dimen144
\@RightOffset=\dimen145
\@SavedLeftOffset=\dimen146
\UpperWidth=\dimen147
\LowerWidth=\dimen148
\LowerHeight=\dimen149
\UpperLeftOffset=\dimen150
\UpperRightOffset=\dimen151
\UpperCenter=\dimen152
\LowerCenter=\dimen153
\UpperAdjust=\dimen154
\RuleAdjust=\dimen155
\LowerAdjust=\dimen156
\RuleWidth=\dimen157
\HLabelAdjust=\dimen158
\VLabelAdjust=\dimen159
\WidthAdjust=\dimen160
\@UpperPart=\box31
\@LowerPart=\box32
\@LabelPart=\box33
\ResultBox=\box34
)
(./computationalGeometry.aux)
\openout1 = `computationalGeometry.aux'.

LaTeX Font Info:    Checking defaults for OML/cmm/m/it on input line 91.
LaTeX Font Info:    ... okay on input line 91.
LaTeX Font Info:    Checking defaults for T1/cmr/m/n on input line 91.
LaTeX Font Info:    ... okay on input line 91.
LaTeX Font Info:    Checking defaults for OT1/cmr/m/n on input line 91.
LaTeX Font Info:    ... okay on input line 91.
LaTeX Font Info:    Checking defaults for OMS/cmsy/m/n on input line 91.
LaTeX Font Info:    ... okay on input line 91.
LaTeX Font Info:    Checking defaults for OMX/cmex/m/n on input line 91.
LaTeX Font Info:    ... okay on input line 91.
LaTeX Font Info:    Checking defaults for U/cmr/m/n on input line 91.
LaTeX Font Info:    ... okay on input line 91.
LaTeX Font Info:    Checking defaults for PD1/pdf/m/n on input line 91.
LaTeX Font Info:    ... okay on input line 91.
Package caption Info: Begin \AtBeginDocument code.
Package caption Info: subfig package v1.3 is loaded.
Package caption Info: hyperref package is loaded.
Package caption Info: End \AtBeginDocument code.

(/usr/share/texlive/texmf-dist/tex/context/base/supp-pdf.mkii
[Loading MPS to PDF converter (version 2006.09.02).]
\scratchcounter=\count125
\scratchdimen=\dimen161
\scratchbox=\box35
\nofMPsegments=\count126
\nofMParguments=\count127
\everyMPshowfont=\toks30
\MPscratchCnt=\count128
\MPscratchDim=\dimen162
\MPnumerator=\count129
\makeMPintoPDFobject=\count130
\everyMPtoPDFconversion=\toks31
) (/usr/share/texlive/texmf-dist/tex/latex/oberdiek/epstopdf-base.sty
Package: epstopdf-base 2010/02/09 v2.5 Base part for package epstopdf

(/usr/share/texlive/texmf-dist/tex/latex/oberdiek/grfext.sty
Package: grfext 2010/08/19 v1.1 Manage graphics extensions (HO)
)
Package grfext Info: Graphics extension search list:
(grfext)             [.png,.pdf,.jpg,.mps,.jpeg,.jbig2,.jb2,.PNG,.PDF,.JPG,.JPE
G,.JBIG2,.JB2,.eps]
(grfext)             \AppendGraphicsExtensions on input line 452.

(/usr/share/texlive/texmf-dist/tex/latex/latexconfig/epstopdf-sys.cfg
File: epstopdf-sys.cfg 2010/07/13 v1.3 Configuration of (r)epstopdf for TeX Liv
e
))
\AtBeginShipoutBox=\box36
Package hyperref Info: Link coloring OFF on input line 91.

(/usr/share/texlive/texmf-dist/tex/latex/hyperref/nameref.sty
Package: nameref 2012/10/27 v2.43 Cross-referencing by name of section

(/usr/share/texlive/texmf-dist/tex/generic/oberdiek/gettitlestring.sty
Package: gettitlestring 2010/12/03 v1.4 Cleanup title references (HO)
)
\c@section@level=\count131
)
LaTeX Info: Redefining \ref on input line 91.
LaTeX Info: Redefining \pageref on input line 91.
LaTeX Info: Redefining \nameref on input line 91.

(./computationalGeometry.out) (./computationalGeometry.out)
\@outlinefile=\write4
\openout4 = `computationalGeometry.out'.

\c@lec=\count132
\c@theorem=\count133

Excluding 'comment' comment.

Package Fancyhdr Warning: \headheight is too small (12.0pt): 
 Make it at least 27.05003pt.
 We now make it that large for the rest of the document.
 This may cause the page layout to be inconsistent, however.

[1{/var/lib/texmf/fonts/map/pdftex/updmap/pdftex.map}

]
LaTeX Font Info:    Try loading font information for U+msa on input line 152.

(/usr/share/texlive/texmf-dist/tex/latex/amsfonts/umsa.fd
File: umsa.fd 2013/01/14 v3.01 AMS symbols A
)
LaTeX Font Info:    Try loading font information for U+msb on input line 152.

(/usr/share/texlive/texmf-dist/tex/latex/amsfonts/umsb.fd
File: umsb.fd 2013/01/14 v3.01 AMS symbols B
)

LaTeX Warning: No \author given.

[2]
Overfull \hbox (40.30045pt too wide) detected at line 154
  \OT1/cmr/m/n/17.28 Lecture 1: Introduction, The Line Intersection Problem usi
ng Sweepline   
 []

LaTeX Font Info:    Try loading font information for OMS+cmr on input line 176.

(/usr/share/texlive/texmf-dist/tex/latex/base/omscmr.fd
File: omscmr.fd 1999/05/25 v2.5h Standard LaTeX font definitions
)
LaTeX Font Info:    Font shape `OMS/cmr/m/n' in size <12> not available
(Font)              Font shape `OMS/cmsy/m/n' tried instead on input line 176.
 [1]
Underfull \hbox (badness 2671) in paragraph at lines 224--224
[]\OT1/cmr/m/n/12 Computer Al-ge-bra (Sym-
 []

[2]
Missing character: There is no Ã in font cmti12!
Missing character: There is no © in font cmti12!
 [3] [4]

Package amsmath Warning: Foreign command \atopwithdelims;
(amsmath)                \frac or \genfrac should be used instead
(amsmath)                 on input line 397.


Underfull \hbox (badness 10000) in paragraph at lines 416--418

 []

[5] [6] [7]pdfTeX warning (ext4): destination with the same identifier (name{se
ction.1}) has been already used, duplicate ignored
<to be read again> 
                   \relax 
l.502 \section{Definitions}
                           
LaTeX Font Info:    Font shape `OMS/cmr/m/it' in size <12> not available
(Font)              Font shape `OMS/cmsy/m/n' tried instead on input line 513.
pdfTeX warning (ext4): destination with the same identifier (name{section.2}) h
as been already used, duplicate ignored
<to be read again> 
                   \relax 
l.519 \section{Lower Bound}
                           pdfTeX warning (ext4): destination with the same ide
ntifier (name{section.3}) has been already used, duplicate ignored
<to be read again> 
                   \relax 
l.527 ...{An important use of CH in triangulation}
                                                   [1]pdfTeX warning (ext4): de
stination with the same identifier (name{section.4}) has been already used, dup
licate ignored
<to be read again> 
                   \relax 
l.549 \section{Quick Sort and Backward Analysis}
                                                
</media/yujiex/work/computationGeometry/Computational-Geometry/tidyNotes/images
/dart.png, id=225, 366.61969pt x 129.48375pt>
File: /media/yujiex/work/computationGeometry/Computational-Geometry/tidyNotes/i
mages/dart.png Graphic file (type png)

<use /media/yujiex/work/computationGeometry/Computational-Geometry/tidyNotes/im
ages/dart.png>
Package pdftex.def Info: /media/yujiex/work/computationGeometry/Computational-G
eometry/tidyNotes/images/dart.png used on input line 588.
(pdftex.def)             Requested size: 187.78531pt x 66.32231pt.


Package amsmath Warning: Foreign command \over;
(amsmath)                \frac or \genfrac should be used instead
(amsmath)                 on input line 599.

[2 </media/yujiex/work/computationGeometry/Computational-Geometry/tidyNotes/ima
ges/dart.png>]
</media/yujiex/work/computationGeometry/Computational-Geometry/tidyNotes/images
/stitch.png, id=231, 398.48875pt x 438.63875pt>
File: /media/yujiex/work/computationGeometry/Computational-Geometry/tidyNotes/i
mages/stitch.png Graphic file (type png)

<use /media/yujiex/work/computationGeometry/Computational-Geometry/tidyNotes/im
ages/stitch.png>
Package pdftex.def Info: /media/yujiex/work/computationGeometry/Computational-G
eometry/tidyNotes/images/stitch.png used on input line 630.
(pdftex.def)             Requested size: 187.78531pt x 206.70238pt.


LaTeX Warning: `!h' float specifier changed to `!ht'.

[3]
Overfull \hbox (259.1799pt too wide) in paragraph at lines 667--667
[]    \OT1/cmtt/m/n/12 Replace visible edges with 2 new edges that are "just vi
sible", i.e. one of their neighboring edges is not visible[] 
 []


Underfull \hbox (badness 10000) in paragraph at lines 671--672

 []

[4 </media/yujiex/work/computationGeometry/Computational-Geometry/tidyNotes/ima
ges/stitch.png (PNG copy)>]
</media/yujiex/work/computationGeometry/Computational-Geometry/tidyNotes/images
/randIncrWorst.png, id=242, 231.86626pt x 167.87718pt>
File: /media/yujiex/work/computationGeometry/Computational-Geometry/tidyNotes/i
mages/randIncrWorst.png Graphic file (type png)

<use /media/yujiex/work/computationGeometry/Computational-Geometry/tidyNotes/im
ages/randIncrWorst.png>
Package pdftex.def Info: /media/yujiex/work/computationGeometry/Computational-G
eometry/tidyNotes/images/randIncrWorst.png used on input line 691.
(pdftex.def)             Requested size: 187.78531pt x 135.9644pt.
 [5 </media/yujiex/work/computationGeometry/Computational-Geometry/tidyNotes/im
ages/randIncrWorst.png>] [6]pdfTeX warning (ext4): destination with the same id
entifier (name{section.1}) has been already used, duplicate ignored
<to be read again> 
                   \relax 
l.747 \section{Introduction}
                            
</media/yujiex/work/computationGeometry/Computational-Geometry/tidyNotes/images
/hplane.png, id=257, 333.49594pt x 167.12437pt>
File: /media/yujiex/work/computationGeometry/Computational-Geometry/tidyNotes/i
mages/hplane.png Graphic file (type png)

<use /media/yujiex/work/computationGeometry/Computational-Geometry/tidyNotes/im
ages/hplane.png>
Package pdftex.def Info: /media/yujiex/work/computationGeometry/Computational-G
eometry/tidyNotes/images/hplane.png used on input line 778.
(pdftex.def)             Requested size: 234.73523pt x 117.63397pt.
 [1 </media/yujiex/work/computationGeometry/Computational-Geometry/tidyNotes/im
ages/hplane.png>]
</media/yujiex/work/computationGeometry/Computational-Geometry/tidyNotes/images
/bbox.png, id=265, 169.38281pt x 110.66344pt>
File: /media/yujiex/work/computationGeometry/Computational-Geometry/tidyNotes/i
mages/bbox.png Graphic file (type png)

<use /media/yujiex/work/computationGeometry/Computational-Geometry/tidyNotes/im
ages/bbox.png>
Package pdftex.def Info: /media/yujiex/work/computationGeometry/Computational-G
eometry/tidyNotes/images/bbox.png used on input line 797.
(pdftex.def)             Requested size: 234.73523pt x 153.36578pt.
pdfTeX warning (ext4): destination with the same identifier (name{section.2}) h
as been already used, duplicate ignored
<to be read again> 
                   \relax 
l.802 \section{1D LP}
                     pdfTeX warning (ext4): destination with the same identifie
r (name{section.3}) has been already used, duplicate ignored
<to be read again> 
                   \relax 
l.821 \section{2D LP}
                      [2 </media/yujiex/work/computationGeometry/Computational-
Geometry/tidyNotes/images/bbox.png>] [3]pdfTeX warning (ext4): destination with
 the same identifier (name{section.4}) has been already used, duplicate ignored

<to be read again> 
                   \relax 
l.882 \section{Finding the Bounding Box}
                                        pdfTeX warning (ext4): destination with
 the same identifier (name{subsection.4.1}) has been already used, duplicate ig
nored
<to be read again> 
                   \relax 
l.883 \subsection{Definitions and theorems}
                                            [4] [5]pdfTeX warning (ext4): desti
nation with the same identifier (name{section.1}) has been already used, duplic
ate ignored
<to be read again> 
                   \relax 
l.940 \section{General Intro}
                             pdfTeX warning (ext4): destination with the same i
dentifier (name{section.2}) has been already used, duplicate ignored
<to be read again> 
                   \relax 
l.950 \section{Definitions}
                            [1]pdfTeX warning (ext4): destination with the same
 identifier (name{section.1}) has been already used, duplicate ignored
<to be read again> 
                   \relax 
l.975 \section{Guarding a Polygon}
                                  pdfTeX warning (ext4): destination with the s
ame identifier (name{section.2}) has been already used, duplicate ignored
<to be read again> 
                   \relax 
l.989 \section{$n/3$ - guard Alg}
                                 

Package hyperref Warning: Token not allowed in a PDF string (PDFDocEncoding):
(hyperref)                removing `math shift' on input line 989.


Package hyperref Warning: Token not allowed in a PDF string (PDFDocEncoding):
(hyperref)                removing `math shift' on input line 989.


Overfull \hbox (61.5798pt too wide) in paragraph at lines 994--994
[]    \OT1/cmtt/m/n/12 3-color P by traversing in a BF manner, color new vertic
es with the missing color.[] 
 []


</media/yujiex/work/computationGeometry/Computational-Geometry/tidyNotes/images
/guard.png, id=307, 434.37282pt x 149.8097pt>
File: /media/yujiex/work/computationGeometry/Computational-Geometry/tidyNotes/i
mages/guard.png Graphic file (type png)

<use /media/yujiex/work/computationGeometry/Computational-Geometry/tidyNotes/im
ages/guard.png>
Package pdftex.def Info: /media/yujiex/work/computationGeometry/Computational-G
eometry/tidyNotes/images/guard.png used on input line 1000.
(pdftex.def)             Requested size: 234.73523pt x 80.95773pt.
pdfTeX warning (ext4): destination with the same identifier (name{section.3}) h
as been already used, duplicate ignored
<to be read again> 
                   \relax 
l.1007 \section{2D Triangulation}
                                  [1 </media/yujiex/work/computationGeometry/Co
mputational-Geometry/tidyNotes/images/guard.png>] [2] [1] [1]pdfTeX warning (ex
t4): destination with the same identifier (name{section.1}) has been already us
ed, duplicate ignored
<to be read again> 
                   \relax 
l.1088 \section{Types of topological information}
                                                 
</media/yujiex/work/computationGeometry/Computational-Geometry/tidyNotes/images
/boundaryInfo.png, id=335, 241.65282pt x 124.96687pt>
File: /media/yujiex/work/computationGeometry/Computational-Geometry/tidyNotes/i
mages/boundaryInfo.png Graphic file (type png)

<use /media/yujiex/work/computationGeometry/Computational-Geometry/tidyNotes/im
ages/boundaryInfo.png>
Package pdftex.def Info: /media/yujiex/work/computationGeometry/Computational-G
eometry/tidyNotes/images/boundaryInfo.png used on input line 1093.
(pdftex.def)             Requested size: 140.84256pt x 72.8374pt.

</media/yujiex/work/computationGeometry/Computational-Geometry/tidyNotes/images
/posettt.png, id=336, 109.91063pt x 193.47281pt>
File: /media/yujiex/work/computationGeometry/Computational-Geometry/tidyNotes/i
mages/posettt.png Graphic file (type png)

<use /media/yujiex/work/computationGeometry/Computational-Geometry/tidyNotes/im
ages/posettt.png>
Package pdftex.def Info: /media/yujiex/work/computationGeometry/Computational-G
eometry/tidyNotes/images/posettt.png used on input line 1103.
(pdftex.def)             Requested size: 140.84256pt x 247.93071pt.


LaTeX Warning: `!h' float specifier changed to `!ht'.


</media/yujiex/work/computationGeometry/Computational-Geometry/tidyNotes/images
/posettt2.png, id=337, 390.70969pt x 149.8097pt>
File: /media/yujiex/work/computationGeometry/Computational-Geometry/tidyNotes/i
mages/posettt2.png Graphic file (type png)

<use /media/yujiex/work/computationGeometry/Computational-Geometry/tidyNotes/im
ages/posettt2.png>
Package pdftex.def Info: /media/yujiex/work/computationGeometry/Computational-G
eometry/tidyNotes/images/posettt2.png used on input line 1110.
(pdftex.def)             Requested size: 234.73523pt x 90.00536pt.


LaTeX Warning: `!h' float specifier changed to `!ht'.

[1 </media/yujiex/work/computationGeometry/Computational-Geometry/tidyNotes/ima
ges/boundaryInfo.png>]pdfTeX warning (ext4): destination with the same identifi
er (name{section.2}) has been already used, duplicate ignored
<to be read again> 
                   \relax 
l.1151 \section{Group Theory related definitions}
                                                  [2 </media/yujiex/work/comput
ationGeometry/Computational-Geometry/tidyNotes/images/posettt.png> </media/yuji
ex/work/computationGeometry/Computational-Geometry/tidyNotes/images/posettt2.pn
g>]pdfTeX warning (ext4): destination with the same identifier (name{section.3}
) has been already used, duplicate ignored
<to be read again> 
                   \relax 
l.1185 \section{View $\phi$, R as triangles}
                                            

Package hyperref Warning: Token not allowed in a PDF string (PDFDocEncoding):
(hyperref)                removing `math shift' on input line 1185.


Package hyperref Warning: Token not allowed in a PDF string (PDFDocEncoding):
(hyperref)                removing `\phi' on input line 1185.


Package hyperref Warning: Token not allowed in a PDF string (PDFDocEncoding):
(hyperref)                removing `math shift' on input line 1185.

pdfTeX warning (ext4): destination with the same identifier (name{section.4}) h
as been already used, duplicate ignored
<to be read again> 
                   \relax 
l.1198 \section{Barycentric Subdivision}
                                        
</media/yujiex/work/computationGeometry/Computational-Geometry/tidyNotes/images
/reflect.png, id=353, 216.81pt x 199.49532pt>
File: /media/yujiex/work/computationGeometry/Computational-Geometry/tidyNotes/i
mages/reflect.png Graphic file (type png)

<use /media/yujiex/work/computationGeometry/Computational-Geometry/tidyNotes/im
ages/reflect.png>
Package pdftex.def Info: /media/yujiex/work/computationGeometry/Computational-G
eometry/tidyNotes/images/reflect.png used on input line 1212.
(pdftex.def)             Requested size: 234.73523pt x 215.99963pt.


LaTeX Warning: `!h' float specifier changed to `!ht'.

[3]pdfTeX warning (ext4): destination with the same identifier (name{subsection
.4.1}) has been already used, duplicate ignored
<to be read again> 
                   \relax 
l.1218 \subsection{Return to poset}
                                   
</media/yujiex/work/computationGeometry/Computational-Geometry/tidyNotes/images
/posetBack.png, id=368, 452.4403pt x 274.02374pt>
File: /media/yujiex/work/computationGeometry/Computational-Geometry/tidyNotes/i
mages/posetBack.png Graphic file (type png)

<use /media/yujiex/work/computationGeometry/Computational-Geometry/tidyNotes/im
ages/posetBack.png>
Package pdftex.def Info: /media/yujiex/work/computationGeometry/Computational-G
eometry/tidyNotes/images/posetBack.png used on input line 1227.
(pdftex.def)             Requested size: 234.73523pt x 142.16702pt.
 [4 </media/yujiex/work/computationGeometry/Computational-Geometry/tidyNotes/im
ages/reflect.png> </media/yujiex/work/computationGeometry/Computational-Geometr
y/tidyNotes/images/posetBack.png>]
</media/yujiex/work/computationGeometry/Computational-Geometry/tidyNotes/images
/triAndPath2.png, id=378, 602.25pt x 335.2525pt>
File: /media/yujiex/work/computationGeometry/Computational-Geometry/tidyNotes/i
mages/triAndPath2.png Graphic file (type png)

<use /media/yujiex/work/computationGeometry/Computational-Geometry/tidyNotes/im
ages/triAndPath2.png>
Package pdftex.def Info: /media/yujiex/work/computationGeometry/Computational-G
eometry/tidyNotes/images/triAndPath2.png used on input line 1245.
(pdftex.def)             Requested size: 234.73523pt x 130.6712pt.

</media/yujiex/work/computationGeometry/Computational-Geometry/tidyNotes/images
/pinchEdge.png, id=379, 407.27156pt x 193.47281pt>
File: /media/yujiex/work/computationGeometry/Computational-Geometry/tidyNotes/i
mages/pinchEdge.png Graphic file (type png)

<use /media/yujiex/work/computationGeometry/Computational-Geometry/tidyNotes/im
ages/pinchEdge.png>
Package pdftex.def Info: /media/yujiex/work/computationGeometry/Computational-G
eometry/tidyNotes/images/pinchEdge.png used on input line 1253.
(pdftex.def)             Requested size: 234.73523pt x 111.50874pt.

</media/yujiex/work/computationGeometry/Computational-Geometry/tidyNotes/images
/pinchEdgeDouble.png, id=382, 264.23718pt x 186.6975pt>
File: /media/yujiex/work/computationGeometry/Computational-Geometry/tidyNotes/i
mages/pinchEdgeDouble.png Graphic file (type png)

<use /media/yujiex/work/computationGeometry/Computational-Geometry/tidyNotes/im
ages/pinchEdgeDouble.png>
Package pdftex.def Info: /media/yujiex/work/computationGeometry/Computational-G
eometry/tidyNotes/images/pinchEdgeDouble.png used on input line 1262.
(pdftex.def)             Requested size: 234.73523pt x 165.85257pt.


LaTeX Warning: `!h' float specifier changed to `!ht'.


</media/yujiex/work/computationGeometry/Computational-Geometry/tidyNotes/images
/pinchFace.png, id=384, 577.15625pt x 313.17pt>
File: /media/yujiex/work/computationGeometry/Computational-Geometry/tidyNotes/i
mages/pinchFace.png Graphic file (type png)

<use /media/yujiex/work/computationGeometry/Computational-Geometry/tidyNotes/im
ages/pinchFace.png>
Package pdftex.def Info: /media/yujiex/work/computationGeometry/Computational-G
eometry/tidyNotes/images/pinchFace.png used on input line 1271.
(pdftex.def)             Requested size: 234.73523pt x 127.36835pt.


LaTeX Warning: `!h' float specifier changed to `!ht'.

pdfTeX warning (ext4): destination with the same identifier (name{section.5}) h
as been already used, duplicate ignored
<to be read again> 
                   \relax 
l.1276 \section{Formal Structure}
                                  [5 </media/yujiex/work/computationGeometry/Co
mputational-Geometry/tidyNotes/images/triAndPath2.png> </media/yujiex/work/comp
utationGeometry/Computational-Geometry/tidyNotes/images/pinchEdge.png>]
</media/yujiex/work/computationGeometry/Computational-Geometry/tidyNotes/images
/cellChain.png, id=400, 268.75406pt x 204.765pt>
File: /media/yujiex/work/computationGeometry/Computational-Geometry/tidyNotes/i
mages/cellChain.png Graphic file (type png)

<use /media/yujiex/work/computationGeometry/Computational-Geometry/tidyNotes/im
ages/cellChain.png>
Package pdftex.def Info: /media/yujiex/work/computationGeometry/Computational-G
eometry/tidyNotes/images/cellChain.png used on input line 1312.
(pdftex.def)             Requested size: 234.73523pt x 178.84709pt.


LaTeX Warning: `!h' float specifier changed to `!ht'.

LaTeX Font Info:    Try loading font information for U+euf on input line 1319.
(/usr/share/texlive/texmf-dist/tex/latex/amsfonts/ueuf.fd
File: ueuf.fd 2013/01/14 v3.01 Euler Fraktur
) [6 </media/yujiex/work/computationGeometry/Computational-Geometry/tidyNotes/i
mages/pinchEdgeDouble.png> </media/yujiex/work/computationGeometry/Computationa
l-Geometry/tidyNotes/images/pinchFace.png (PNG copy)>] [7 </media/yujiex/work/c
omputationGeometry/Computational-Geometry/tidyNotes/images/cellChain.png>]
</media/yujiex/work/computationGeometry/Computational-Geometry/tidyNotes/images
/cpHashing.png, id=425, 463.7325pt x 204.01219pt>
File: /media/yujiex/work/computationGeometry/Computational-Geometry/tidyNotes/i
mages/cpHashing.png Graphic file (type png)

<use /media/yujiex/work/computationGeometry/Computational-Geometry/tidyNotes/im
ages/cpHashing.png>
Package pdftex.def Info: /media/yujiex/work/computationGeometry/Computational-G
eometry/tidyNotes/images/cpHashing.png used on input line 1365.
(pdftex.def)             Requested size: 234.73523pt x 103.2697pt.

</media/yujiex/work/computationGeometry/Computational-Geometry/tidyNotes/images
/extB.png, id=426, 252.945pt x 152.06813pt>
File: /media/yujiex/work/computationGeometry/Computational-Geometry/tidyNotes/i
mages/extB.png Graphic file (type png)

<use /media/yujiex/work/computationGeometry/Computational-Geometry/tidyNotes/im
ages/extB.png>
Package pdftex.def Info: /media/yujiex/work/computationGeometry/Computational-G
eometry/tidyNotes/images/extB.png used on input line 1386.
(pdftex.def)             Requested size: 234.73523pt x 141.12256pt.


LaTeX Warning: `!h' float specifier changed to `!ht'.


</media/yujiex/work/computationGeometry/Computational-Geometry/tidyNotes/images
/packing.png, id=428, 268.75406pt x 105.39375pt>
File: /media/yujiex/work/computationGeometry/Computational-Geometry/tidyNotes/i
mages/packing.png Graphic file (type png)

<use /media/yujiex/work/computationGeometry/Computational-Geometry/tidyNotes/im
ages/packing.png>
Package pdftex.def Info: /media/yujiex/work/computationGeometry/Computational-G
eometry/tidyNotes/images/packing.png used on input line 1402.
(pdftex.def)             Requested size: 234.73523pt x 92.05365pt.


LaTeX Warning: `!h' float specifier changed to `!ht'.

[1 </media/yujiex/work/computationGeometry/Computational-Geometry/tidyNotes/ima
ges/cpHashing.png>] [2 </media/yujiex/work/computationGeometry/Computational-Ge
ometry/tidyNotes/images/extB.png> </media/yujiex/work/computationGeometry/Compu
tational-Geometry/tidyNotes/images/packing.png>]
</media/yujiex/work/computationGeometry/Computational-Geometry/tidyNotes/images
/restart21.png, id=459, 311.66437pt x 110.66344pt>
File: /media/yujiex/work/computationGeometry/Computational-Geometry/tidyNotes/i
mages/restart21.png Graphic file (type png)

<use /media/yujiex/work/computationGeometry/Computational-Geometry/tidyNotes/im
ages/restart21.png>
Package pdftex.def Info: /media/yujiex/work/computationGeometry/Computational-G
eometry/tidyNotes/images/restart21.png used on input line 1488.
(pdftex.def)             Requested size: 234.73523pt x 83.34857pt.

</media/yujiex/work/computationGeometry/Computational-Geometry/tidyNotes/images
/restart22.png, id=460, 212.29312pt x 66.2475pt>
File: /media/yujiex/work/computationGeometry/Computational-Geometry/tidyNotes/i
mages/restart22.png Graphic file (type png)

<use /media/yujiex/work/computationGeometry/Computational-Geometry/tidyNotes/im
ages/restart22.png>
Package pdftex.def Info: /media/yujiex/work/computationGeometry/Computational-G
eometry/tidyNotes/images/restart22.png used on input line 1494.
(pdftex.def)             Requested size: 234.73523pt x 73.25456pt.


LaTeX Warning: `!h' float specifier changed to `!ht'.

[3 </media/yujiex/work/computationGeometry/Computational-Geometry/tidyNotes/ima
ges/restart21.png>] [4 </media/yujiex/work/computationGeometry/Computational-Ge
ometry/tidyNotes/images/restart22.png>] (./computationalGeometry.bbl)
Package atveryend Info: Empty hook `BeforeClearDocument' on input line 1511.
 [5]
Package atveryend Info: Empty hook `AfterLastShipout' on input line 1511.

(./computationalGeometry.aux)
Package atveryend Info: Executing hook `AtVeryEndDocument' on input line 1511.
Package atveryend Info: Executing hook `AtEndAfterFileList' on input line 1511.



Package rerunfilecheck Warning: File `computationalGeometry.out' has changed.
(rerunfilecheck)                Rerun to get outlines right
(rerunfilecheck)                or use package `bookmark'.

Package rerunfilecheck Info: Checksums for `computationalGeometry.out':
(rerunfilecheck)             Before: 07B29BED1A7CB4CE43F4A67D9E5CCCD8;2387
(rerunfilecheck)             After:  ADB39E6628D5FF9A535D4C674D11197C;2490.
Package atveryend Info: Empty hook `AtVeryVeryEnd' on input line 1511.
 ) 
Here is how much of TeX's memory you used:
 8391 strings out of 495028
 129876 string characters out of 6181498
 207585 words of memory out of 5000000
 11275 multiletter control sequences out of 15000+600000
 15332 words of font info for 60 fonts, out of 8000000 for 9000
 14 hyphenation exceptions out of 8191
 44i,10n,43p,336b,584s stack positions out of 5000i,500n,10000p,200000b,80000s
</usr/share/texlive/texmf-dist/fonts/type1/public/amsfonts/cm/cmbx12.pfb></us
r/share/texlive/texmf-dist/fonts/type1/public/amsfonts/cm/cmex10.pfb></usr/shar
e/texlive/texmf-dist/fonts/type1/public/amsfonts/cm/cmmi12.pfb></usr/share/texl
ive/texmf-dist/fonts/type1/public/amsfonts/cm/cmmi8.pfb></usr/share/texlive/tex
mf-dist/fonts/type1/public/amsfonts/cm/cmr12.pfb></usr/share/texlive/texmf-dist
/fonts/type1/public/amsfonts/cm/cmr17.pfb></usr/share/texlive/texmf-dist/fonts/
type1/public/amsfonts/cm/cmr6.pfb></usr/share/texlive/texmf-dist/fonts/type1/pu
blic/amsfonts/cm/cmr8.pfb></usr/share/texlive/texmf-dist/fonts/type1/public/ams
fonts/cm/cmsl12.pfb></usr/share/texlive/texmf-dist/fonts/type1/public/amsfonts/
cm/cmsy10.pfb></usr/share/texlive/texmf-dist/fonts/type1/public/amsfonts/cm/cms
y8.pfb></usr/share/texlive/texmf-dist/fonts/type1/public/amsfonts/cm/cmti12.pfb
></usr/share/texlive/texmf-dist/fonts/type1/public/amsfonts/cm/cmtt12.pfb></usr
/share/texlive/texmf-dist/fonts/type1/public/amsfonts/euler/eufm10.pfb></usr/sh
are/texlive/texmf-dist/fonts/type1/public/amsfonts/symbols/msbm10.pfb>
Output written on computationalGeometry.pdf (37 pages, 1150644 bytes).
PDF statistics:
 584 PDF objects out of 1000 (max. 8388607)
 503 compressed objects within 6 object streams
 196 named destinations out of 1000 (max. 500000)
 418 words of extra memory for PDF output out of 10000 (max. 10000000)

